<?xml version="1.0" encoding="UTF-8"?>
<testng-results skipped="0" failed="0" ignored="0" total="1" passed="1">
  <reporter-output>
  </reporter-output>
  <suite name="com.testrunner.TestRunner" duration-ms="441" started-at="2020-03-12T00:59:33Z" finished-at="2020-03-12T00:59:33Z">
    <groups>
      <group name="cucumber">
        <method signature="AbstractTestNGCucumberTests.feature(cucumber.api.testng.CucumberFeatureWrapper)[pri:0, instance:com.testrunner.TestRunner@dfd3711]" name="feature" class="cucumber.api.testng.AbstractTestNGCucumberTests"/>
      </group> <!-- cucumber -->
    </groups>
    <test name="Command line test" duration-ms="441" started-at="2020-03-12T00:59:33Z" finished-at="2020-03-12T00:59:33Z">
      <class name="com.testrunner.TestRunner">
        <test-method status="PASS" signature="setUpClass()[pri:0, instance:com.testrunner.TestRunner@dfd3711]" name="setUpClass" is-config="true" duration-ms="312" started-at="2020-03-12T00:59:33Z" finished-at="2020-03-12T00:59:33Z">
          <reporter-output>
          </reporter-output>
        </test-method> <!-- setUpClass -->
        <test-method status="PASS" signature="feature(cucumber.api.testng.CucumberFeatureWrapper)[pri:0, instance:com.testrunner.TestRunner@dfd3711]" name="feature" duration-ms="5" started-at="2020-03-12T00:59:33Z" description="Runs Cucumber Feature" data-provider="features" finished-at="2020-03-12T00:59:33Z">
          <params>
            <param index="0">
              <value>
                <![CDATA[long in functionality test]]>
              </value>
            </param>
          </params>
          <reporter-output>
          </reporter-output>
        </test-method> <!-- feature -->
        <test-method status="PASS" signature="tearDownClass()[pri:0, instance:com.testrunner.TestRunner@dfd3711]" name="tearDownClass" is-config="true" duration-ms="14" started-at="2020-03-12T00:59:33Z" finished-at="2020-03-12T00:59:33Z">
          <reporter-output>
          </reporter-output>
        </test-method> <!-- tearDownClass -->
      </class> <!-- com.testrunner.TestRunner -->
    </test> <!-- Command line test -->
  </suite> <!-- com.testrunner.TestRunner -->
</testng-results>
